<?xml version="1.0" encoding="UTF-8"?>
<!-- Generated by org.testng.reporters.JUnitXMLReporter -->
<testsuite ignored="0" hostname="DESKTOP-4R7BVSB" failures="0" tests="6" name="Default test" time="24.498" errors="0" timestamp="2020-09-04T15:42:21 IST">
  <testcase classname="tests.Sign_In" name="fill_Email" time="2.39"/>
  <testcase classname="tests.Sign_In" name="Fill_Password" time="0.132"/>
  <testcase classname="tests.Sign_In" name="enter_LastName" time="2.078"/>
  <testcase classname="tests.Sign_In" name="click_AddCredentials" time="4.172"/>
  <testcase classname="tests.Sign_In" name="click_Cancel" time="2.179"/>
  <testcase classname="tests.Sign_In" name="click_Users" time="4.105"/>
</testsuite> <!-- Default test -->
