<?xml version="1.0" encoding="UTF-8"?>
<testng-results ignored="0" total="6" passed="6" failed="0" skipped="0">
  <reporter-output>
  </reporter-output>
  <suite started-at="2020-09-04T15:41:56 IST" name="Default suite" finished-at="2020-09-04T15:42:21 IST" duration-ms="24498">
    <groups>
    </groups>
    <test started-at="2020-09-04T15:41:56 IST" name="Default test" finished-at="2020-09-04T15:42:21 IST" duration-ms="24498">
      <class name="tests.Sign_In">
        <test-method is-config="true" signature="launchBrowser()[pri:0, instance:tests.Sign_In@501edcf1]" started-at="2020-09-04T15:41:56 IST" name="launchBrowser" finished-at="2020-09-04T15:42:04 IST" duration-ms="7235" status="PASS">
          <reporter-output>
          </reporter-output>
        </test-method> <!-- launchBrowser -->
        <test-method signature="fill_Email()[pri:0, instance:tests.Sign_In@501edcf1]" started-at="2020-09-04T15:42:04 IST" name="fill_Email" finished-at="2020-09-04T15:42:06 IST" duration-ms="2390" status="PASS">
          <reporter-output>
          </reporter-output>
        </test-method> <!-- fill_Email -->
        <test-method signature="Fill_Password()[pri:1, instance:tests.Sign_In@501edcf1]" started-at="2020-09-04T15:42:06 IST" name="Fill_Password" finished-at="2020-09-04T15:42:06 IST" duration-ms="132" status="PASS">
          <reporter-output>
          </reporter-output>
        </test-method> <!-- Fill_Password -->
        <test-method signature="enter_LastName()[pri:2, instance:tests.Sign_In@501edcf1]" started-at="2020-09-04T15:42:06 IST" name="enter_LastName" finished-at="2020-09-04T15:42:08 IST" duration-ms="2078" status="PASS">
          <reporter-output>
          </reporter-output>
        </test-method> <!-- enter_LastName -->
        <test-method signature="click_AddCredentials()[pri:3, instance:tests.Sign_In@501edcf1]" started-at="2020-09-04T15:42:08 IST" name="click_AddCredentials" finished-at="2020-09-04T15:42:12 IST" duration-ms="4172" status="PASS">
          <reporter-output>
          </reporter-output>
        </test-method> <!-- click_AddCredentials -->
        <test-method signature="click_Cancel()[pri:4, instance:tests.Sign_In@501edcf1]" started-at="2020-09-04T15:42:12 IST" name="click_Cancel" finished-at="2020-09-04T15:42:15 IST" duration-ms="2179" status="PASS">
          <reporter-output>
          </reporter-output>
        </test-method> <!-- click_Cancel -->
        <test-method signature="click_Users()[pri:5, instance:tests.Sign_In@501edcf1]" started-at="2020-09-04T15:42:15 IST" name="click_Users" finished-at="2020-09-04T15:42:19 IST" duration-ms="4105" status="PASS">
          <reporter-output>
          </reporter-output>
        </test-method> <!-- click_Users -->
        <test-method is-config="true" signature="terminateBrowser()[pri:0, instance:tests.Sign_In@501edcf1]" started-at="2020-09-04T15:42:19 IST" name="terminateBrowser" finished-at="2020-09-04T15:42:21 IST" duration-ms="2150" status="PASS">
          <reporter-output>
          </reporter-output>
        </test-method> <!-- terminateBrowser -->
      </class> <!-- tests.Sign_In -->
    </test> <!-- Default test -->
  </suite> <!-- Default suite -->
</testng-results>
